<?xml version="1.0" encoding="UTF-8"?>
<!-- Generated by org.testng.reporters.JUnitXMLReporter -->
<testsuite hostname="ASHISH-HP" name="Default test" tests="3" failures="0" timestamp="16 Feb 2022 07:08:05 GMT" time="20.434" errors="0">
  <testcase name="removingAParquetFile" time="0.122" classname="parquetFileConcept.CreatingParquetFile"/>
  <testcase name="creatingParquetFile" time="17.832" classname="parquetFileConcept.CreatingParquetFile"/>
  <testcase name="readingParquetFile" time="2.429" classname="parquetFileConcept.CreatingParquetFile"/>
</testsuite> <!-- Default test -->
